{"name": "test_google_search_selenium", "status": "broken", "statusDetails": {"message": "selenium.common.exceptions.TimeoutException: Message: \nStacktrace:\n0   chromedriver                        0x0000000106546498 chromedriver + 6149272\n1   chromedriver                        0x000000010653db5a chromedriver + 6114138\n2   chromedriver                        0x0000000105fcee80 chromedriver + 417408\n3   chromedriver                        0x0000000106020587 chromedriver + 750983\n4   chromedriver                        0x00000001060207a1 chromedriver + 751521\n5   chromedriver                        0x0000000106070784 chromedriver + 1079172\n6   chromedriver                        0x00000001060467bd chromedriver + 907197\n7   chromedriver                        0x000000010606daca chromedriver + 1067722\n8   chromedriver                        0x0000000106046563 chromedriver + 906595\n9   chromedriver                        0x0000000106012955 chromedriver + 694613\n10  chromedriver                        0x00000001060135b1 chromedriver + 697777\n11  chromedriver                        0x0000000106503f50 chromedriver + 5877584\n12  chromedriver                        0x0000000106507e41 chromedriver + 5893697\n13  chromedriver                        0x00000001064de394 chromedriver + 5723028\n14  chromedriver                        0x000000010650885b chromedriver + 5896283\n15  chromedriver                        0x00000001064ccb14 chromedriver + 5651220\n16  chromedriver                        0x000000010652b968 chromedriver + 6039912\n17  chromedriver                        0x000000010652bb30 chromedriver + 6040368\n18  chromedriver                        0x000000010653d721 chromedriver + 6113057\n19  libsystem_pthread.dylib             0x00007ff804e34202 _pthread_start + 99\n20  libsystem_pthread.dylib             0x00007ff804e2fbab thread_start + 15", "trace": "tests/web/test_google_search.py:25: in test_google_search_selenium\n    first_result = google_page.get_first_result_text()\npages/web/google_page.py:33: in get_first_result_text\n    return self.get_text(*self.FIRST_RESULT)\ncore/base_page.py:59: in get_text\n    element = WebDriverWait(self.driver, self._timeout).until(\n../venv/lib/python3.13/site-packages/selenium/webdriver/support/wait.py:146: in until\n    raise TimeoutException(message, screen, stacktrace)\nE   selenium.common.exceptions.TimeoutException: Message: \nE   Stacktrace:\nE   0   chromedriver                        0x0000000106546498 chromedriver + 6149272\nE   1   chromedriver                        0x000000010653db5a chromedriver + 6114138\nE   2   chromedriver                        0x0000000105fcee80 chromedriver + 417408\nE   3   chromedriver                        0x0000000106020587 chromedriver + 750983\nE   4   chromedriver                        0x00000001060207a1 chromedriver + 751521\nE   5   chromedriver                        0x0000000106070784 chromedriver + 1079172\nE   6   chromedriver                        0x00000001060467bd chromedriver + 907197\nE   7   chromedriver                        0x000000010606daca chromedriver + 1067722\nE   8   chromedriver                        0x0000000106046563 chromedriver + 906595\nE   9   chromedriver                        0x0000000106012955 chromedriver + 694613\nE   10  chromedriver                        0x00000001060135b1 chromedriver + 697777\nE   11  chromedriver                        0x0000000106503f50 chromedriver + 5877584\nE   12  chromedriver                        0x0000000106507e41 chromedriver + 5893697\nE   13  chromedriver                        0x00000001064de394 chromedriver + 5723028\nE   14  chromedriver                        0x000000010650885b chromedriver + 5896283\nE   15  chromedriver                        0x00000001064ccb14 chromedriver + 5651220\nE   16  chromedriver                        0x000000010652b968 chromedriver + 6039912\nE   17  chromedriver                        0x000000010652bb30 chromedriver + 6040368\nE   18  chromedriver                        0x000000010653d721 chromedriver + 6113057\nE   19  libsystem_pthread.dylib             0x00007ff804e34202 _pthread_start + 99\nE   20  libsystem_pthread.dylib             0x00007ff804e2fbab thread_start + 15"}, "steps": [{"name": "Navigate to Google", "status": "passed", "start": 1744521108576, "stop": 1744521113713}, {"name": "Perform search", "status": "passed", "start": 1744521113713, "stop": 1744521114647}, {"name": "Verify search results", "status": "broken", "statusDetails": {"message": "selenium.common.exceptions.TimeoutException: Message: \nStacktrace:\n0   chromedriver                        0x0000000106546498 chromedriver + 6149272\n1   chromedriver                        0x000000010653db5a chromedriver + 6114138\n2   chromedriver                        0x0000000105fcee80 chromedriver + 417408\n3   chromedriver                        0x0000000106020587 chromedriver + 750983\n4   chromedriver                        0x00000001060207a1 chromedriver + 751521\n5   chromedriver                        0x0000000106070784 chromedriver + 1079172\n6   chromedriver                        0x00000001060467bd chromedriver + 907197\n7   chromedriver                        0x000000010606daca chromedriver + 1067722\n8   chromedriver                        0x0000000106046563 chromedriver + 906595\n9   chromedriver                        0x0000000106012955 chromedriver + 694613\n10  chromedriver                        0x00000001060135b1 chromedriver + 697777\n11  chromedriver                        0x0000000106503f50 chromedriver + 5877584\n12  chromedriver                        0x0000000106507e41 chromedriver + 5893697\n13  chromedriver                        0x00000001064de394 chromedriver + 5723028\n14  chromedriver                        0x000000010650885b chromedriver + 5896283\n15  chromedriver                        0x00000001064ccb14 chromedriver + 5651220\n16  chromedriver                        0x000000010652b968 chromedriver + 6039912\n17  chromedriver                        0x000000010652bb30 chromedriver + 6040368\n18  chromedriver                        0x000000010653d721 chromedriver + 6113057\n19  libsystem_pthread.dylib             0x00007ff804e34202 _pthread_start + 99\n20  libsystem_pthread.dylib             0x00007ff804e2fbab thread_start + 15\n\n", "trace": "  File \"/Users/uyenhn/selenium_playwright/framework/tests/web/test_google_search.py\", line 25, in test_google_search_selenium\n    first_result = google_page.get_first_result_text()\n  File \"/Users/uyenhn/selenium_playwright/framework/pages/web/google_page.py\", line 33, in get_first_result_text\n    return self.get_text(*self.FIRST_RESULT)\n           ~~~~~~~~~~~~~^^^^^^^^^^^^^^^^^^^^\n  File \"/Users/uyenhn/selenium_playwright/framework/core/base_page.py\", line 59, in get_text\n    element = WebDriverWait(self.driver, self._timeout).until(\n        EC.presence_of_element_located((by, value))\n    )\n  File \"/Users/uyenhn/selenium_playwright/venv/lib/python3.13/site-packages/selenium/webdriver/support/wait.py\", line 146, in until\n    raise TimeoutException(message, screen, stacktrace)\n"}, "start": 1744521114647, "stop": 1744521134777}], "start": 1744521108576, "stop": 1744521134780, "uuid": "53aca482-ebcb-4940-9f84-a53a1cbe1e04", "historyId": "235e8906e2605998c44fc8d0b6186a71", "testCaseId": "235e8906e2605998c44fc8d0b6186a71", "fullName": "framework.tests.web.test_google_search.TestGoogleSearch#test_google_search_selenium", "labels": [{"name": "feature", "value": "Search Functionality"}, {"name": "story", "value": "Search with Selenium"}, {"name": "tag", "value": "web"}, {"name": "parentSuite", "value": "framework.tests.web"}, {"name": "suite", "value": "test_google_search"}, {"name": "subSuite", "value": "TestGoogleSearch"}, {"name": "host", "value": "MBP12.local"}, {"name": "thread", "value": "8791-MainThread"}, {"name": "framework", "value": "pytest"}, {"name": "language", "value": "cpython3"}, {"name": "package", "value": "framework.tests.web.test_google_search"}]}